[23:59:09] [ServerMain/INFO]: [bootstrap] Running Java 21 (OpenJDK 64-Bit Server VM 21.0.10+7-LTS; Eclipse Adoptium Temurin-21.0.10+7) on Windows 11 10.0 (amd64)
[23:59:09] [ServerMain/INFO]: [bootstrap] Loading Paper 1.21.1-133-ver/1.21.1@3cb8529 (2025-03-28T16:14:36Z) for Minecraft 1.21.1
[23:59:10] [ServerMain/INFO]: [PluginInitializerManager] Initializing plugins...
[23:59:10] [ServerMain/INFO]: [PluginInitializerManager] Initialized 6 plugins
[23:59:10] [ServerMain/INFO]: [PluginInitializerManager] Bukkit plugins (6):
 - AuthMe (6.0.0-b2734), Geyser-Spigot (2.10.0-SNAPSHOT), GrimAC (2.3.74-3cd17cc), SkinsRestorer (15.12.0), ViaVersion (5.9.2-SNAPSHOT), floodgate (2.2.5-SNAPSHOT (b132-5a72b6a))
[23:59:14] [ServerMain/INFO]: Environment: Environment[sessionHost=https://sessionserver.mojang.com, servicesHost=https://api.minecraftservices.com, name=PROD]
[23:59:16] [ServerMain/INFO]: Loaded 1290 recipes
[23:59:16] [ServerMain/INFO]: Loaded 1399 advancements
[23:59:16] [Server thread/INFO]: Starting minecraft server version 1.21.1
[23:59:16] [Server thread/INFO]: Loading properties
[23:59:16] [Server thread/INFO]: This server is running Paper version 1.21.1-133-ver/1.21.1@3cb8529 (2025-03-28T16:14:36Z) (Implementing API version 1.21.1-R0.1-SNAPSHOT)
[23:59:17] [Server thread/INFO]: [spark] This server bundles the spark profiler. For more information please visit https://docs.papermc.io/paper/profiling
[23:59:17] [Server thread/INFO]: Using 4 threads for Netty based IO
[23:59:17] [Server thread/INFO]: Server Ping Player Sample Count: 12
[23:59:17] [Server thread/INFO]: [ChunkTaskScheduler] Chunk system is using 1 I/O threads, 3 worker threads, and population gen parallelism of 3 threads
[23:59:18] [Server thread/INFO]: Default game type: SURVIVAL
[23:59:18] [Server thread/INFO]: Generating keypair
[23:59:18] [Server thread/INFO]: Starting Minecraft server on *:25565
[23:59:18] [Server thread/INFO]: Using default channel type
[23:59:18] [Server thread/INFO]: Paper: Using Java compression from Velocity.
[23:59:18] [Server thread/INFO]: Paper: Using Java cipher from Velocity.
[23:59:18] [Server thread/INFO]: [SpigotLibraryLoader] [AuthMe] Loading 17 libraries... please wait
[23:59:19] [Server thread/INFO]: [SpigotLibraryLoader] [AuthMe] Loaded library C:\Users\oneze\OneDrive\Desktop\sparkbloxmcsmp\libraries\ch\jalu\injector\1.0\injector-1.0.jar
[23:59:19] [Server thread/INFO]: [SpigotLibraryLoader] [AuthMe] Loaded library C:\Users\oneze\OneDrive\Desktop\sparkbloxmcsmp\libraries\javax\inject\javax.inject\1\javax.inject-1.jar
[23:59:19] [Server thread/INFO]: [SpigotLibraryLoader] [AuthMe] Loaded library C:\Users\oneze\OneDrive\Desktop\sparkbloxmcsmp\libraries\javax\annotation\javax.annotation-api\1.3.1\javax.annotation-api-1.3.1.jar
[23:59:19] [Server thread/INFO]: [SpigotLibraryLoader] [AuthMe] Loaded library C:\Users\oneze\OneDrive\Desktop\sparkbloxmcsmp\libraries\net\ricecode\string-similarity\1.0.0\string-similarity-1.0.0.jar
[23:59:19] [Server thread/INFO]: [SpigotLibraryLoader] [AuthMe] Loaded library C:\Users\oneze\OneDrive\Desktop\sparkbloxmcsmp\libraries\com\maxmind\geoip2\geoip2\4.3.0\geoip2-4.3.0.jar
[23:59:19] [Server thread/INFO]: [SpigotLibraryLoader] [AuthMe] Loaded library C:\Users\oneze\OneDrive\Desktop\sparkbloxmcsmp\libraries\com\maxmind\db\maxmind-db\3.1.1\maxmind-db-3.1.1.jar
[23:59:19] [Server thread/INFO]: [SpigotLibraryLoader] [AuthMe] Loaded library C:\Users\oneze\OneDrive\Desktop\sparkbloxmcsmp\libraries\com\fasterxml\jackson\core\jackson-databind\2.19.0\jackson-databind-2.19.0.jar
[23:59:19] [Server thread/INFO]: [SpigotLibraryLoader] [AuthMe] Loaded library C:\Users\oneze\OneDrive\Desktop\sparkbloxmcsmp\libraries\com\fasterxml\jackson\datatype\jackson-datatype-jsr310\2.19.0\jackson-datatype-jsr310-2.19.0.jar
[23:59:19] [Server thread/INFO]: [SpigotLibraryLoader] [AuthMe] Loaded library C:\Users\oneze\OneDrive\Desktop\sparkbloxmcsmp\libraries\com\fasterxml\jackson\core\jackson-core\2.19.0\jackson-core-2.19.0.jar
[23:59:19] [Server thread/INFO]: [SpigotLibraryLoader] [AuthMe] Loaded library C:\Users\oneze\OneDrive\Desktop\sparkbloxmcsmp\libraries\com\fasterxml\jackson\core\jackson-annotations\2.19.0\jackson-annotations-2.19.0.jar
[23:59:19] [Server thread/INFO]: [SpigotLibraryLoader] [AuthMe] Loaded library C:\Users\oneze\OneDrive\Desktop\sparkbloxmcsmp\libraries\javatar\javatar\2.5\javatar-2.5.jar
[23:59:19] [Server thread/INFO]: [SpigotLibraryLoader] [AuthMe] Loaded library C:\Users\oneze\OneDrive\Desktop\sparkbloxmcsmp\libraries\org\apache\commons\commons-email\1.6.0\commons-email-1.6.0.jar
[23:59:19] [Server thread/INFO]: [SpigotLibraryLoader] [AuthMe] Loaded library C:\Users\oneze\OneDrive\Desktop\sparkbloxmcsmp\libraries\com\sun\mail\jakarta.mail\1.6.7\jakarta.mail-1.6.7.jar
[23:59:19] [Server thread/INFO]: [SpigotLibraryLoader] [AuthMe] Loaded library C:\Users\oneze\OneDrive\Desktop\sparkbloxmcsmp\libraries\com\sun\activation\jakarta.activation\1.2.1\jakarta.activation-1.2.1.jar
[23:59:19] [Server thread/INFO]: [SpigotLibraryLoader] [AuthMe] Loaded library C:\Users\oneze\OneDrive\Desktop\sparkbloxmcsmp\libraries\com\zaxxer\HikariCP\7.0.2\HikariCP-7.0.2.jar
[23:59:19] [Server thread/INFO]: [SpigotLibraryLoader] [AuthMe] Loaded library C:\Users\oneze\OneDrive\Desktop\sparkbloxmcsmp\libraries\org\slf4j\slf4j-api\2.0.17\slf4j-api-2.0.17.jar
[23:59:19] [Server thread/INFO]: [SpigotLibraryLoader] [AuthMe] Loaded library C:\Users\oneze\OneDrive\Desktop\sparkbloxmcsmp\libraries\org\slf4j\slf4j-simple\2.0.13\slf4j-simple-2.0.13.jar
[23:59:19] [Server thread/INFO]: [SpigotLibraryLoader] [AuthMe] Loaded library C:\Users\oneze\OneDrive\Desktop\sparkbloxmcsmp\libraries\ch\jalu\datasourcecolumns\0.1.2\datasourcecolumns-0.1.2.jar
[23:59:19] [Server thread/INFO]: [SpigotLibraryLoader] [AuthMe] Loaded library C:\Users\oneze\OneDrive\Desktop\sparkbloxmcsmp\libraries\com\mysql\mysql-connector-j\9.3.0\mysql-connector-j-9.3.0.jar
[23:59:19] [Server thread/INFO]: [SpigotLibraryLoader] [AuthMe] Loaded library C:\Users\oneze\OneDrive\Desktop\sparkbloxmcsmp\libraries\com\google\protobuf\protobuf-java\4.29.0\protobuf-java-4.29.0.jar
[23:59:19] [Server thread/INFO]: [SpigotLibraryLoader] [AuthMe] Loaded library C:\Users\oneze\OneDrive\Desktop\sparkbloxmcsmp\libraries\org\mariadb\jdbc\mariadb-java-client\3.5.7\mariadb-java-client-3.5.7.jar
[23:59:19] [Server thread/INFO]: [SpigotLibraryLoader] [AuthMe] Loaded library C:\Users\oneze\OneDrive\Desktop\sparkbloxmcsmp\libraries\org\postgresql\postgresql\42.7.7\postgresql-42.7.7.jar
[23:59:19] [Server thread/INFO]: [SpigotLibraryLoader] [AuthMe] Loaded library C:\Users\oneze\OneDrive\Desktop\sparkbloxmcsmp\libraries\org\checkerframework\checker-qual\3.49.3\checker-qual-3.49.3.jar
[23:59:19] [Server thread/INFO]: [SpigotLibraryLoader] [AuthMe] Loaded library C:\Users\oneze\OneDrive\Desktop\sparkbloxmcsmp\libraries\de\rtner\PBKDF2\1.1.4\PBKDF2-1.1.4.jar
[23:59:19] [Server thread/INFO]: [SpigotLibraryLoader] [AuthMe] Loaded library C:\Users\oneze\OneDrive\Desktop\sparkbloxmcsmp\libraries\org\picketbox\picketbox\4.0.21.Final\picketbox-4.0.21.Final.jar
[23:59:19] [Server thread/INFO]: [SpigotLibraryLoader] [AuthMe] Loaded library C:\Users\oneze\OneDrive\Desktop\sparkbloxmcsmp\libraries\de\mkammerer\argon2-jvm-nolibs\2.12\argon2-jvm-nolibs-2.12.jar
[23:59:19] [Server thread/INFO]: [SpigotLibraryLoader] [AuthMe] Loaded library C:\Users\oneze\OneDrive\Desktop\sparkbloxmcsmp\libraries\net\java\dev\jna\jna\5.16.0\jna-5.16.0.jar
[23:59:19] [Server thread/INFO]: [SpigotLibraryLoader] [AuthMe] Loaded library C:\Users\oneze\OneDrive\Desktop\sparkbloxmcsmp\libraries\at\favre\lib\bcrypt\0.10.2\bcrypt-0.10.2.jar
[23:59:19] [Server thread/INFO]: [SpigotLibraryLoader] [AuthMe] Loaded library C:\Users\oneze\OneDrive\Desktop\sparkbloxmcsmp\libraries\at\favre\lib\bytes\1.5.0\bytes-1.5.0.jar
[23:59:19] [Server thread/INFO]: [SpigotLibraryLoader] [AuthMe] Loaded library C:\Users\oneze\OneDrive\Desktop\sparkbloxmcsmp\libraries\com\warrenstrange\googleauth\1.5.0\googleauth-1.5.0.jar
[23:59:19] [Server thread/INFO]: [SpigotLibraryLoader] [AuthMe] Loaded library C:\Users\oneze\OneDrive\Desktop\sparkbloxmcsmp\libraries\commons-codec\commons-codec\1.14\commons-codec-1.14.jar
[23:59:19] [Server thread/INFO]: [SpigotLibraryLoader] [AuthMe] Loaded library C:\Users\oneze\OneDrive\Desktop\sparkbloxmcsmp\libraries\org\apache\httpcomponents\httpclient\4.5.12\httpclient-4.5.12.jar
[23:59:19] [Server thread/INFO]: [SpigotLibraryLoader] [AuthMe] Loaded library C:\Users\oneze\OneDrive\Desktop\sparkbloxmcsmp\libraries\org\apache\httpcomponents\httpcore\4.4.13\httpcore-4.4.13.jar
[23:59:19] [Server thread/INFO]: [SpigotLibraryLoader] [AuthMe] Loaded library C:\Users\oneze\OneDrive\Desktop\sparkbloxmcsmp\libraries\commons-logging\commons-logging\1.2\commons-logging-1.2.jar
[23:59:19] [Server thread/INFO]: [SpigotLibraryLoader] [AuthMe] Loaded library C:\Users\oneze\OneDrive\Desktop\sparkbloxmcsmp\libraries\ch\jalu\configme\1.3.1\configme-1.3.1.jar
[23:59:19] [Server thread/INFO]: [SpigotLibraryLoader] [AuthMe] Loaded library C:\Users\oneze\OneDrive\Desktop\sparkbloxmcsmp\libraries\org\yaml\snakeyaml\2.0\snakeyaml-2.0.jar
[23:59:19] [Server thread/INFO]: [SpigotLibraryLoader] [AuthMe] Loaded library C:\Users\oneze\OneDrive\Desktop\sparkbloxmcsmp\libraries\org\bstats\bstats-bukkit\3.1.0\bstats-bukkit-3.1.0.jar
[23:59:19] [Server thread/INFO]: [SpigotLibraryLoader] [AuthMe] Loaded library C:\Users\oneze\OneDrive\Desktop\sparkbloxmcsmp\libraries\org\bstats\bstats-base\3.1.0\bstats-base-3.1.0.jar
[23:59:19] [Server thread/INFO]: [floodgate] Loading server plugin floodgate v2.2.5-SNAPSHOT (b132-5a72b6a)
[23:59:20] [Server thread/INFO]: [floodgate] Took 674ms to boot Floodgate
[23:59:20] [Server thread/INFO]: [ViaVersion] Loading server plugin ViaVersion v5.9.2-SNAPSHOT
[23:59:20] [Server thread/INFO]: [ViaVersion] ViaVersion 5.9.2-SNAPSHOT is now loaded. Registering protocol transformers and injecting...
[23:59:20] [Via-Mappingloader-1/INFO]: [ViaVersion] Loading block connection mappings ...
[23:59:21] [Server thread/INFO]: [Geyser-Spigot] Loading server plugin Geyser-Spigot v2.10.0-SNAPSHOT
[23:59:21] [Server thread/INFO]: [Geyser-Spigot] Loading extensions...
[23:59:21] [Server thread/INFO]: [Geyser-Spigot] Loaded 0 extension(s)
[23:59:21] [Server thread/INFO]: [SkinsRestorer] Loading server plugin SkinsRestorer v15.12.0
[23:59:21] [Server thread/INFO]: [GrimAC] Loading server plugin GrimAC v2.3.74-3cd17cc
[23:59:21] [Server thread/INFO]: [GrimAC] Loading PacketEvents...
[23:59:23] [Server thread/INFO]: [AuthMe] Loading server plugin AuthMe v6.0.0-b2734
[23:59:23] [Server thread/INFO]: Server permissions file permissions.yml is empty, ignoring it
[23:59:23] [Server thread/INFO]: [SkinsRestorer] Enabling SkinsRestorer v15.12.0
[23:59:24] [Server thread/INFO]: [SkinsRestorer] Running on Minecraft 1.21.1.
[23:59:24] [Server thread/INFO]: [SkinsRestorer] Floodgate skin listener registered
[23:59:24] [Server thread/INFO]: [SkinsRestorer] Using paper join listener!
[23:59:24] [Server thread/WARN]: **** SERVER IS RUNNING IN OFFLINE/INSECURE MODE!
[23:59:24] [Server thread/WARN]: The server will make no attempt to authenticate usernames. Beware.
[23:59:24] [Server thread/WARN]: While this makes the game possible to play without internet access, it also opens up the ability for hackers to connect with any username they choose.
[23:59:24] [Server thread/WARN]: To change this, set "online-mode" to "true" in the server.properties file.
[23:59:24] [Server thread/INFO]: Preparing level "world"
[23:59:24] [Folia Async Scheduler Thread #1/INFO]: [SkinsRestorer] ----------------------------------------------
[23:59:24] [Folia Async Scheduler Thread #1/INFO]: [SkinsRestorer]     +==================+
[23:59:24] [Folia Async Scheduler Thread #1/INFO]: [SkinsRestorer]     |   SkinsRestorer  |
[23:59:24] [Folia Async Scheduler Thread #1/INFO]: [SkinsRestorer]     |------------------|
[23:59:24] [Folia Async Scheduler Thread #1/INFO]: [SkinsRestorer]     |  Standalone Mode |
[23:59:24] [Folia Async Scheduler Thread #1/INFO]: [SkinsRestorer]     +==================+
[23:59:24] [Folia Async Scheduler Thread #1/INFO]: [SkinsRestorer] ----------------------------------------------
[23:59:24] [Folia Async Scheduler Thread #1/INFO]: [SkinsRestorer]     Version: 15.12.0
[23:59:24] [Folia Async Scheduler Thread #1/INFO]: [SkinsRestorer]     Commit: 2903414
[23:59:24] [Folia Async Scheduler Thread #1/INFO]: [SkinsRestorer]     This is the latest version!
[23:59:24] [Folia Async Scheduler Thread #1/INFO]: [SkinsRestorer] ----------------------------------------------
[23:59:24] [Folia Async Scheduler Thread #1/INFO]: [SkinsRestorer] Do you have issues? Read our troubleshooting guide: https://skinsrestorer.net/docs/troubleshooting
[23:59:24] [Folia Async Scheduler Thread #1/INFO]: [SkinsRestorer] Want to support SkinsRestorer or receive priority support? Become a supporter: https://skinsrestorer.net/pricing
[23:59:24] [Server thread/INFO]: Preparing start region for dimension minecraft:overworld
[23:59:25] [Server thread/INFO]: Time elapsed: 875 ms
[23:59:25] [Server thread/INFO]: Preparing start region for dimension minecraft:the_nether
[23:59:25] [Server thread/INFO]: Time elapsed: 110 ms
[23:59:25] [Server thread/INFO]: Preparing start region for dimension minecraft:the_end
[23:59:25] [Server thread/INFO]: Time elapsed: 78 ms
[23:59:25] [Server thread/INFO]: [floodgate] Enabling floodgate v2.2.5-SNAPSHOT (b132-5a72b6a)
[23:59:26] [Server thread/INFO]: [ViaVersion] Enabling ViaVersion v5.9.2-SNAPSHOT
[23:59:26] [Server thread/INFO]: [ViaVersion] ViaVersion detected server version: 1.21-1.21.1 (767)
[23:59:26] [Server thread/INFO]: [Geyser-Spigot] Enabling Geyser-Spigot v2.10.0-SNAPSHOT
[23:59:27] [Server thread/INFO]: [GrimAC] Enabling GrimAC v2.3.74-3cd17cc
[23:59:27] [Server thread/INFO]: [GrimAC] Registering packets...
[23:59:27] [Server thread/INFO]: [GrimAC] Registering tick schedulers...
[23:59:27] [Server thread/INFO]: Grim Version: 2.3.74-3cd17cc
[23:59:27] [Server thread/INFO]: [grim-datastore] [grim-datastore] SQLite engine 3.46.0 — using modern dialect
[23:59:27] [Server thread/INFO]: [grim-datastore] [grim-datastore] no legacy v0 store detected; nothing to migrate
[23:59:27] [Server thread/INFO]: [GrimAC] Registering singular bukkit event... (PistonEvent)
[23:59:27] [Server thread/INFO]: [AuthMe] Enabling AuthMe v6.0.0-b2734
[23:59:28] [Server thread/INFO]: [AuthMe] SQLite Setup finished
[23:59:28] [Server thread/INFO]: [AuthMe] No supported permissions system found! Permissions are disabled!
[23:59:28] [Server thread/WARN]: [AuthMe] WARNING! The protectInventory feature requires PacketEvents! Disabling it...
[23:59:28] [Server thread/INFO]: [AuthMe] AuthMe 6.0.0 build n.2734 successfully enabled!
[23:59:28] [Server thread/INFO]: [spark] Starting background profiler...
[23:59:28] [Server thread/INFO]: [spark] The async-profiler engine is not supported for your os/arch (windows11/amd64), so the built-in Java engine will be used instead.
[23:59:28] [Server thread/INFO]: [Geyser-Spigot] ******************************************
[23:59:28] [Server thread/INFO]: [Geyser-Spigot] 
[23:59:28] [Server thread/INFO]: [Geyser-Spigot] Loading Geyser version 2.10.0-b1147 (git-master-38fa094)
[23:59:28] [Server thread/INFO]: [Geyser-Spigot] 
[23:59:28] [Server thread/INFO]: [Geyser-Spigot] ******************************************
[23:59:31] [GeyserServer-3-1/INFO]: [Geyser-Spigot] Started Geyser on UDP port 19132
[23:59:31] [Server thread/INFO]: [Geyser-Spigot] Done (2.971s)! Run /geyser help for help!
[23:59:31] [Server thread/INFO]: Done preparing level "world" (7.417s)
[23:59:31] [Server thread/INFO]: Running delayed init tasks
[23:59:31] [Craft Scheduler Thread - 5 - AuthMe/INFO]: [AuthMe] Downloading GEO IP database, because the old database is older than 30 days or doesn't exist
[23:59:31] [Server thread/INFO]: Done (23.267s)! For help, type "help"
[23:59:31] [Craft Scheduler Thread - 5 - AuthMe/WARN]: [AuthMe] No MaxMind credentials found in the configuration file! GeoIp protections will be disabled.
[23:59:31] [Craft Scheduler Thread - 5 - AuthMe/INFO]: [AuthMe] There is no newer GEO IP database uploaded to MaxMind. Using the old one for now.
[23:59:31] [Server thread/INFO]: Timings Reset
[23:59:31] [Craft Scheduler Thread - 3 - ViaVersion/INFO]: [ViaVersion] Finished mapping loading, shutting down loader executor.
[23:59:31] [Craft Scheduler Thread - 5 - AuthMe/WARN]: [AuthMe] Could not download GeoLiteAPI database [FileNotFoundException]: plugins\AuthMe\GeoLite2-Country.mmdb (The system cannot find the file specified)
[23:59:32] [Server thread/INFO]: [ViaVersion] You are running a development version of the plugin, please report any bugs to GitHub.
[23:59:32] [Craft Scheduler Thread - 0 - GrimAC/INFO]: You are using the latest version of GrimAC
